Using pre-set license
Built from '2020.3/china_unity/release' branch; Version is '2020.3.8f1c1 (0b92326fa640) revision 758322'; Using compiler version '192528614'; Build Type 'Release'
OS: 'Windows 10 Home China; OS build 19042.985; Version 2009; 64bit' Language: 'zh' Physical Memory: 16290 MB
BatchMode: 1, IsHumanControllingUs: 0, StartBugReporterOnCrash: 0, Is64bit: 1, IsPro: 0

 COMMAND LINE ARGUMENTS:
C:\Program Files\Unity\Hub\Editor\2020.3.8f1c1\Editor\Unity.exe
-adb2
-batchMode
-noUpm
-name
AssetImportWorker0
-projectPath
C:/Users/Deniseb/Desktop/Arknights Demo
-logFile
Logs/AssetImportWorker0.log
-srvPort
58010
Successfully changed project path to: C:/Users/Deniseb/Desktop/Arknights Demo
C:/Users/Deniseb/Desktop/Arknights Demo
Using Asset Import Pipeline V2.
Refreshing native plugins compatible for Editor in 31.26 ms, found 1 plugins.
Preloading 0 native plugins for Editor in 0.00 ms.
Initialize engine version: 2020.3.8f1c1 (0b92326fa640)
[Subsystems] Discovering subsystems at path C:/Program Files/Unity/Hub/Editor/2020.3.8f1c1/Editor/Data/Resources/UnitySubsystems
[Subsystems] Discovering subsystems at path C:/Users/Deniseb/Desktop/Arknights Demo/Assets
GfxDevice: creating device client; threaded=0
Direct3D:
    Version:  Direct3D 11.0 [level 11.1]
    Renderer: NVIDIA GeForce GTX 1650 (ID=0x1f99)
    Vendor:   
    VRAM:     3962 MB
    Driver:   27.21.14.5256
Initialize mono
Mono path[0] = 'C:/Program Files/Unity/Hub/Editor/2020.3.8f1c1/Editor/Data/Managed'
Mono path[1] = 'C:/Program Files/Unity/Hub/Editor/2020.3.8f1c1/Editor/Data/MonoBleedingEdge/lib/mono/unityjit'
Mono config path = 'C:/Program Files/Unity/Hub/Editor/2020.3.8f1c1/Editor/Data/MonoBleedingEdge/etc'
Using monoOptions --debugger-agent=transport=dt_socket,embedding=1,server=y,suspend=n,address=127.0.0.1:56552
Begin MonoManager ReloadAssembly
Registering precompiled unity dll's ...
Register platform support module: C:/Program Files/Unity/Hub/Editor/2020.3.8f1c1/Editor/Data/PlaybackEngines/WindowsStandaloneSupport/UnityEditor.WindowsStandalone.Extensions.dll
Registered in 0.003331 seconds.
Native extension for WindowsStandalone target not found
Refreshing native plugins compatible for Editor in 30.33 ms, found 1 plugins.
Preloading 0 native plugins for Editor in 0.00 ms.
Mono: successfully reloaded assembly
- Completed reload, in  2.100 seconds
Platform modules already initialized, skipping
Registering precompiled user dll's ...
Registered in 0.001210 seconds.
Begin MonoManager ReloadAssembly
Native extension for WindowsStandalone target not found
Refreshing native plugins compatible for Editor in 30.36 ms, found 1 plugins.
Preloading 0 native plugins for Editor in 0.00 ms.
Mono: successfully reloaded assembly
- Completed reload, in  0.839 seconds
Platform modules already initialized, skipping
========================================================================
Worker process is ready to serve import requests
Launched and connected shader compiler UnityShaderCompiler.exe after 0.04 seconds
Refreshing native plugins compatible for Editor in 0.29 ms, found 1 plugins.
Preloading 0 native plugins for Editor in 0.00 ms.
Unloading 1808 Unused Serialized files (Serialized files now loaded: 0)
System memory in use before: 87.3 MB.
System memory in use after: 87.4 MB.

Unloading 19 unused Assets to reduce memory usage. Loaded Objects now: 2255.
Total: 1.588200 ms (FindLiveObjects: 0.149600 ms CreateObjectMapping: 0.070000 ms MarkObjects: 1.321000 ms  DeleteObjects: 0.046700 ms)

========================================================================
Received Import Request.
  path: Assets
  artifactKey: Guid(00000000000000001000000000000000) Importer(815301076,1909f56bfc062723c751e8b465ee728b)
Start importing Assets using Guid(00000000000000001000000000000000) Importer(815301076,1909f56bfc062723c751e8b465ee728b)  -> (artifact id: '42d402b061de3733987d63b9cc3b64de') in 0.004629 seconds
  Import took 0.007268 seconds .

========================================================================
Received Import Request.
  Time since last request: 2.789651 seconds.
  path: Assets/素材
  artifactKey: Guid(f3c98d69256064844a950d0c50af7332) Importer(815301076,1909f56bfc062723c751e8b465ee728b)
Start importing Assets/素材 using Guid(f3c98d69256064844a950d0c50af7332) Importer(815301076,1909f56bfc062723c751e8b465ee728b)  -> (artifact id: 'ba415daee82d160b2fe450517a81c607') in 0.002913 seconds
  Import took 0.005899 seconds .

========================================================================
Received Import Request.
  Time since last request: 1.044344 seconds.
  path: Assets/Scenes
  artifactKey: Guid(9d588b98e132b0f4797bf377f996fcd8) Importer(815301076,1909f56bfc062723c751e8b465ee728b)
Start importing Assets/Scenes using Guid(9d588b98e132b0f4797bf377f996fcd8) Importer(815301076,1909f56bfc062723c751e8b465ee728b)  -> (artifact id: '7729c94dbc68e957b4b621ab8a1e85ef') in 0.002643 seconds
  Import took 0.013511 seconds .

========================================================================
Received Import Request.
  Time since last request: 7.635980 seconds.
  path: Assets/场景
  artifactKey: Guid(9d588b98e132b0f4797bf377f996fcd8) Importer(815301076,1909f56bfc062723c751e8b465ee728b)
Start importing Assets/场景 using Guid(9d588b98e132b0f4797bf377f996fcd8) Importer(815301076,1909f56bfc062723c751e8b465ee728b)  -> (artifact id: '8862ca10b325d244b0cc948d4a2aad35') in 0.002639 seconds
  Import took 0.005173 seconds .

========================================================================
Received Import Request.
  Time since last request: 10.250636 seconds.
  path: Assets/脚本
  artifactKey: Guid(00cd68e0cb522a040a408f092c9305ea) Importer(815301076,1909f56bfc062723c751e8b465ee728b)
Start importing Assets/脚本 using Guid(00cd68e0cb522a040a408f092c9305ea) Importer(815301076,1909f56bfc062723c751e8b465ee728b)  -> (artifact id: '77a7258840d9b9b1361f61ed25d6eeac') in 0.002582 seconds
  Import took 0.004768 seconds .

========================================================================
Received Import Request.
  Time since last request: 7.901154 seconds.
  path: Assets/脚本/叶庭辉
  artifactKey: Guid(8c2b6b67e9a2987469df4e91ca376c5d) Importer(815301076,1909f56bfc062723c751e8b465ee728b)
Start importing Assets/脚本/叶庭辉 using Guid(8c2b6b67e9a2987469df4e91ca376c5d) Importer(815301076,1909f56bfc062723c751e8b465ee728b)  -> (artifact id: '2f31d899a086ad02c80ac8f60d17e8d2') in 0.002966 seconds
  Import took 0.005247 seconds .

========================================================================
Received Import Request.
  Time since last request: 4.594355 seconds.
  path: Assets/脚本/田溢恺
  artifactKey: Guid(606d91b9e50a7604a90d204bf65ff1a5) Importer(815301076,1909f56bfc062723c751e8b465ee728b)
Start importing Assets/脚本/田溢恺 using Guid(606d91b9e50a7604a90d204bf65ff1a5) Importer(815301076,1909f56bfc062723c751e8b465ee728b)  -> (artifact id: '9f88f14b8a0a02477f553efea6b84816') in 0.002643 seconds
  Import took 0.005450 seconds .

========================================================================
Received Import Request.
  Time since last request: 6.806005 seconds.
  path: Assets/脚本/祁鹏阁
  artifactKey: Guid(845e3151caa4a2748ba9b60e3626a66a) Importer(815301076,1909f56bfc062723c751e8b465ee728b)
Start importing Assets/脚本/祁鹏阁 using Guid(845e3151caa4a2748ba9b60e3626a66a) Importer(815301076,1909f56bfc062723c751e8b465ee728b)  -> (artifact id: '7eaf9a97764a6e3508570e070c1376ec') in 0.002515 seconds
  Import took 0.004743 seconds .

========================================================================
Received Import Request.
  Time since last request: 17.583183 seconds.
  path: Assets/脚本/陆涔杰
  artifactKey: Guid(e61edc437d01211488c70fbddcde2654) Importer(815301076,1909f56bfc062723c751e8b465ee728b)
Start importing Assets/脚本/陆涔杰 using Guid(e61edc437d01211488c70fbddcde2654) Importer(815301076,1909f56bfc062723c751e8b465ee728b)  -> (artifact id: '9be55df8b04fbde20da008eaa58c1558') in 0.002614 seconds
  Import took 0.005486 seconds .

========================================================================
Received Import Request.
  Time since last request: 7.118574 seconds.
  path: Assets/脚本/刘易昌
  artifactKey: Guid(cd26dd5f0f5aed9498dd1c6cbd948313) Importer(815301076,1909f56bfc062723c751e8b465ee728b)
Start importing Assets/脚本/刘易昌 using Guid(cd26dd5f0f5aed9498dd1c6cbd948313) Importer(815301076,1909f56bfc062723c751e8b465ee728b)  -> (artifact id: '553ad174f1de5fb3efe04670557029d0') in 0.002670 seconds
  Import took 0.004888 seconds .

========================================================================
Received Import Request.
  Time since last request: 10.230001 seconds.
  path: Assets/脚本/张水淼
  artifactKey: Guid(b75680e4d1ac71c44a0dc650a1588969) Importer(815301076,1909f56bfc062723c751e8b465ee728b)
Start importing Assets/脚本/张水淼 using Guid(b75680e4d1ac71c44a0dc650a1588969) Importer(815301076,1909f56bfc062723c751e8b465ee728b)  -> (artifact id: 'f90cfe301516b34d0426c3d2b4542e0e') in 0.002782 seconds
  Import took 0.005305 seconds .

========================================================================
Received Import Request.
  Time since last request: 16.107791 seconds.
  path: Assets/脚本/江振宇
  artifactKey: Guid(94921375690d5b84f810ce2f1fe9d36e) Importer(815301076,1909f56bfc062723c751e8b465ee728b)
Start importing Assets/脚本/江振宇 using Guid(94921375690d5b84f810ce2f1fe9d36e) Importer(815301076,1909f56bfc062723c751e8b465ee728b)  -> (artifact id: 'f746a096ddade0d1d290a344fefc8979') in 0.002867 seconds
  Import took 0.012402 seconds .

========================================================================
Received Import Request.
  Time since last request: 10.241931 seconds.
  path: Assets/场景/主界面
  artifactKey: Guid(87c3936d8a56f964c80625ee5de09bfa) Importer(815301076,1909f56bfc062723c751e8b465ee728b)
Start importing Assets/场景/主界面 using Guid(87c3936d8a56f964c80625ee5de09bfa) Importer(815301076,1909f56bfc062723c751e8b465ee728b)  -> (artifact id: '55a947fdb675b3c73049df5f6b6b4557') in 0.002715 seconds
  Import took 0.005019 seconds .

========================================================================
Received Import Request.
  Time since last request: 12.672976 seconds.
  path: Assets/场景/主界面.unity
  artifactKey: Guid(562432a7e5f2c464bb001768528dfe2d) Importer(815301076,1909f56bfc062723c751e8b465ee728b)
Start importing Assets/场景/主界面.unity using Guid(562432a7e5f2c464bb001768528dfe2d) Importer(815301076,1909f56bfc062723c751e8b465ee728b)  -> (artifact id: '6b7ebbef7c75f25244db88c86a35e809') in 0.008679 seconds
  Import took 0.011008 seconds .

========================================================================
Received Import Request.
  Time since last request: 0.000520 seconds.
  path: Assets/场景/主界面.unity
  artifactKey: Guid(562432a7e5f2c464bb001768528dfe2d) Importer(815301076,1909f56bfc062723c751e8b465ee728b)
Start importing Assets/场景/主界面.unity using Guid(562432a7e5f2c464bb001768528dfe2d) Importer(815301076,1909f56bfc062723c751e8b465ee728b)  -> (artifact id: '6b7ebbef7c75f25244db88c86a35e809') in 0.002567 seconds
  Import took 0.004693 seconds .

========================================================================
Received Import Request.
  Time since last request: 8.491046 seconds.
  path: Assets/场景/干员界面.unity
  artifactKey: Guid(4c39d0a69c1325d43b142d304cee95bd) Importer(815301076,1909f56bfc062723c751e8b465ee728b)
Start importing Assets/场景/干员界面.unity using Guid(4c39d0a69c1325d43b142d304cee95bd) Importer(815301076,1909f56bfc062723c751e8b465ee728b)  -> (artifact id: '315dee6065be699b4dbfec6ab2197900') in 0.002897 seconds
  Import took 0.005100 seconds .

========================================================================
Received Import Request.
  Time since last request: 13.305053 seconds.
  path: Assets/场景/剧情放映界面.unity
  artifactKey: Guid(ba88a3bc42d4d9d4fac67507424d179b) Importer(815301076,1909f56bfc062723c751e8b465ee728b)
Start importing Assets/场景/剧情放映界面.unity using Guid(ba88a3bc42d4d9d4fac67507424d179b) Importer(815301076,1909f56bfc062723c751e8b465ee728b)  -> (artifact id: 'c2187dadeeeea3127286eaea64323a4e') in 0.002805 seconds
  Import took 0.005176 seconds .

========================================================================
Received Import Request.
  Time since last request: 16.297414 seconds.
  path: Assets/场景/游戏界面.unity
  artifactKey: Guid(e2a121aab6f2fdc49a3c693eb3316b62) Importer(815301076,1909f56bfc062723c751e8b465ee728b)
Start importing Assets/场景/游戏界面.unity using Guid(e2a121aab6f2fdc49a3c693eb3316b62) Importer(815301076,1909f56bfc062723c751e8b465ee728b)  -> (artifact id: '2f557efd1fc2385c0a5cc3df9929ed49') in 0.003729 seconds
  Import took 0.006016 seconds .

========================================================================
Received Import Request.
  Time since last request: 1.499122 seconds.
  path: Assets/场景/SampleScene.unity
  artifactKey: Guid(2cda990e2423bbf4892e6590ba056729) Importer(815301076,1909f56bfc062723c751e8b465ee728b)
Start importing Assets/场景/SampleScene.unity using Guid(2cda990e2423bbf4892e6590ba056729) Importer(815301076,1909f56bfc062723c751e8b465ee728b)  -> (artifact id: 'aa27944bdea339c97c39027c7eea529c') in 0.003032 seconds
  Import took 0.005564 seconds .

========================================================================
Received Import Request.
  Time since last request: 9.239178 seconds.
  path: Assets/场景/测试界面.unity
  artifactKey: Guid(2cda990e2423bbf4892e6590ba056729) Importer(815301076,1909f56bfc062723c751e8b465ee728b)
Start importing Assets/场景/测试界面.unity using Guid(2cda990e2423bbf4892e6590ba056729) Importer(815301076,1909f56bfc062723c751e8b465ee728b)  -> (artifact id: '79b3fe585f07cdb0812e6628abe284b1') in 0.003155 seconds
  Import took 0.005696 seconds .

========================================================================
Received Import Request.
  Time since last request: 10.746354 seconds.
  path: Assets/素材/图片
  artifactKey: Guid(70ab9fe5012d88640a1a0b80d01a0c56) Importer(815301076,1909f56bfc062723c751e8b465ee728b)
Start importing Assets/素材/图片 using Guid(70ab9fe5012d88640a1a0b80d01a0c56) Importer(815301076,1909f56bfc062723c751e8b465ee728b)  -> (artifact id: '6e97c50a5d4389a23ee43cadea6cec56') in 0.002709 seconds
  Import took 0.004925 seconds .

========================================================================
Received Import Request.
  Time since last request: 5.169417 seconds.
  path: Assets/素材/音乐
  artifactKey: Guid(e635ec32d9d93bf4ea75071c8174a264) Importer(815301076,1909f56bfc062723c751e8b465ee728b)
Start importing Assets/素材/音乐 using Guid(e635ec32d9d93bf4ea75071c8174a264) Importer(815301076,1909f56bfc062723c751e8b465ee728b)  -> (artifact id: 'dadfcf0a4e064fe66825f14d4a5602c8') in 0.002566 seconds
  Import took 0.004854 seconds .

AssetImportWorkerClient::OnTransportError - code=2 error=End of file
